2020-07-14 11:12:40.962 [main] INFO  com.example.demo.DemoApplication - Starting DemoApplication on DESKTOP-N8ET0U9 with PID 23356 (D:\IdeaProjects\demo\target\classes started by 14357 in D:\IdeaProjects\demo)
2020-07-14 11:12:41.058 [main] INFO  com.example.demo.DemoApplication - No active profile set, falling back to default profiles: default
2020-07-14 11:12:45.518 [main] INFO  com.example.demo.DemoApplication - Started DemoApplication in 5.644 seconds (JVM running for 7.505)
2020-07-14 11:13:33.068 [http-nio-8080-exec-1] INFO  c.e.demo.controller.TbUserController - 进入logger测试
2020-07-14 11:13:33.187 [http-nio-8080-exec-1] INFO  c.e.demo.controller.TbUserController - 获取的值为{}TbUser(id=1, areaNameTest=update test, priority=1, age=121221)
2020-07-14 11:15:17.159 [main] INFO  com.example.demo.DemoApplication - Starting DemoApplication on DESKTOP-N8ET0U9 with PID 13640 (D:\IdeaProjects\demo\target\classes started by 14357 in D:\IdeaProjects\demo)
2020-07-14 11:15:17.167 [main] INFO  com.example.demo.DemoApplication - No active profile set, falling back to default profiles: default
2020-07-14 11:15:21.885 [main] INFO  com.example.demo.DemoApplication - Started DemoApplication in 5.884 seconds (JVM running for 7.746)
2020-07-14 11:15:27.673 [http-nio-8080-exec-1] INFO  c.e.demo.controller.TbUserController - 进入logger测试
2020-07-14 11:15:27.785 [http-nio-8080-exec-1] INFO  c.e.demo.controller.TbUserController - 获取的值为{}TbUser(id=1, areaNameTest=update test, priority=1, age=121221)
2020-07-15 11:18:40.381 [main] INFO  com.example.demo.DemoApplication - Starting DemoApplication on DESKTOP-N8ET0U9 with PID 25340 (D:\IdeaProjects\demo\target\classes started by 14357 in D:\IdeaProjects\demo)
2020-07-15 11:18:40.411 [main] INFO  com.example.demo.DemoApplication - No active profile set, falling back to default profiles: default
2020-07-15 11:18:45.646 [main] INFO  com.example.demo.DemoApplication - Started DemoApplication in 6.623 seconds (JVM running for 9.299)
2020-07-16 11:19:11.373 [main] INFO  com.example.demo.DemoApplication - Starting DemoApplication on DESKTOP-N8ET0U9 with PID 14572 (D:\IdeaProjects\demo\target\classes started by 14357 in D:\IdeaProjects\demo)
2020-07-16 11:19:11.381 [main] INFO  com.example.demo.DemoApplication - No active profile set, falling back to default profiles: default
2020-07-16 11:19:15.765 [main] INFO  com.example.demo.DemoApplication - Started DemoApplication in 5.5 seconds (JVM running for 7.46)
2020-07-17 11:19:46.644 [main] INFO  com.example.demo.DemoApplication - Starting DemoApplication on DESKTOP-N8ET0U9 with PID 26628 (D:\IdeaProjects\demo\target\classes started by 14357 in D:\IdeaProjects\demo)
2020-07-17 11:19:46.657 [main] INFO  com.example.demo.DemoApplication - No active profile set, falling back to default profiles: default
2020-07-17 11:19:52.476 [main] INFO  com.example.demo.DemoApplication - Started DemoApplication in 7.18 seconds (JVM running for 9.735)
2020-07-18 11:22:23.222 [main] INFO  com.example.demo.DemoApplication - Starting DemoApplication on DESKTOP-N8ET0U9 with PID 25752 (D:\IdeaProjects\demo\target\classes started by 14357 in D:\IdeaProjects\demo)
2020-07-18 11:22:23.230 [main] INFO  com.example.demo.DemoApplication - No active profile set, falling back to default profiles: default
2020-07-18 11:22:27.577 [main] INFO  com.example.demo.DemoApplication - Started DemoApplication in 5.441 seconds (JVM running for 7.249)
2020-07-15 08:41:04.967 [http-nio-8080-exec-1] INFO  c.e.demo.controller.TbUserController - 进入logger测试
2020-07-15 08:41:05.116 [http-nio-8080-exec-1] INFO  c.e.demo.controller.TbUserController - 获取的值为{}TbUser(id=1, areaNameTest=update test, priority=1, age=121221)
2020-07-15 10:01:33.806 [http-nio-8080-exec-1] INFO  c.e.demo.controller.TbUserController - enter mp
2020-07-15 10:01:33.807 [http-nio-8080-exec-1] INFO  c.e.demo.controller.TbUserController - 方法执行失败，异常值为:5
2020-07-15 10:06:02.399 [http-nio-8080-exec-1] INFO  c.e.demo.controller.TbUserController - enter mp
2020-07-15 10:06:02.401 [http-nio-8080-exec-1] INFO  c.e.demo.controller.TbUserController - 方法执行失败，异常值为:[Ljava.lang.StackTraceElement;@3054a675
2020-07-15 11:17:02.587 [http-nio-8080-exec-1] INFO  c.e.demo.controller.TbUserController - enter mp
2020-07-15 11:17:02.588 [http-nio-8080-exec-1] INFO  c.e.demo.controller.TbUserController - 方法执行失败，异常值为:[Ljava.lang.StackTraceElement;@411c40cd
2020-07-15 14:14:46.993 [http-nio-8080-exec-1] INFO  c.e.demo.controller.TbUserController - enter mp
2020-07-15 14:14:46.993 [http-nio-8080-exec-1] INFO  c.e.demo.controller.TbUserController - 日历值为:java.util.GregorianCalendar[time=1594793686993,areFieldsSet=true,areAllFieldsSet=true,lenient=true,zone=sun.util.calendar.ZoneInfo[id="Asia/Shanghai",offset=28800000,dstSavings=0,useDaylight=false,transitions=19,lastRule=null],firstDayOfWeek=1,minimalDaysInFirstWeek=1,ERA=1,YEAR=2020,MONTH=6,WEEK_OF_YEAR=29,WEEK_OF_MONTH=3,DAY_OF_MONTH=15,DAY_OF_YEAR=197,DAY_OF_WEEK=4,DAY_OF_WEEK_IN_MONTH=3,AM_PM=1,HOUR=2,HOUR_OF_DAY=14,MINUTE=14,SECOND=46,MILLISECOND=993,ZONE_OFFSET=28800000,DST_OFFSET=0]
2020-07-15 14:21:36.706 [http-nio-8080-exec-1] INFO  c.e.demo.controller.TbUserController - enter mp
2020-07-15 14:21:36.707 [http-nio-8080-exec-1] INFO  c.e.demo.controller.TbUserController - 日历值为:Wed Jul 15 14:21:36 CST 2020
2020-07-15 14:56:13.284 [http-nio-8080-exec-1] INFO  c.e.demo.controller.TbUserController - enter mp
2020-07-15 14:56:13.285 [http-nio-8080-exec-1] INFO  c.e.demo.controller.TbUserController - 日历值为:2020
2020-07-15 14:56:13.285 [http-nio-8080-exec-1] INFO  c.e.demo.controller.TbUserController - 日历值为:6
2020-07-15 14:56:13.285 [http-nio-8080-exec-1] INFO  c.e.demo.controller.TbUserController - 日历值为:15
2020-07-15 14:56:13.285 [http-nio-8080-exec-1] INFO  c.e.demo.controller.TbUserController - 日历值为:2
2020-07-15 14:56:13.285 [http-nio-8080-exec-1] INFO  c.e.demo.controller.TbUserController - 日历值为:56
2020-07-15 14:56:13.286 [http-nio-8080-exec-1] INFO  c.e.demo.controller.TbUserController - 日历值为:13
2020-07-15 15:05:17.655 [http-nio-8080-exec-1] INFO  c.e.demo.controller.TbUserController - enter mp
2020-07-15 15:05:17.655 [http-nio-8080-exec-1] INFO  c.e.demo.controller.TbUserController - 日历值为:2020
2020-07-15 15:05:17.656 [http-nio-8080-exec-1] INFO  c.e.demo.controller.TbUserController - 日历值为:6
2020-07-15 15:05:17.656 [http-nio-8080-exec-1] INFO  c.e.demo.controller.TbUserController - 日历值为:15
2020-07-15 15:05:17.656 [http-nio-8080-exec-1] INFO  c.e.demo.controller.TbUserController - 日历值为:3
2020-07-15 15:05:17.656 [http-nio-8080-exec-1] INFO  c.e.demo.controller.TbUserController - 日历值为:5
2020-07-15 15:05:17.656 [http-nio-8080-exec-1] INFO  c.e.demo.controller.TbUserController - 日历值为:17
2020-07-15 15:05:17.657 [http-nio-8080-exec-1] INFO  c.e.demo.controller.TbUserController - 格式化的日期时间为:2020-7-15 15:05:17
2020-07-15 15:28:11.323 [http-nio-8080-exec-1] INFO  c.e.demo.controller.TbUserController - enter mp
2020-07-15 15:28:11.323 [http-nio-8080-exec-1] INFO  c.e.demo.controller.TbUserController - java8的日期时间
2020-07-15 15:28:11.330 [http-nio-8080-exec-1] INFO  c.e.demo.controller.TbUserController - 日期为:2020-07-15
2020-07-15 15:28:11.331 [http-nio-8080-exec-1] INFO  c.e.demo.controller.TbUserController - 时间为:15:28:11.330
2020-07-15 15:28:11.331 [http-nio-8080-exec-1] INFO  c.e.demo.controller.TbUserController - 日期时间为:2020-07-15T15:28:11.331
2020-07-15 16:05:07.276 [http-nio-8080-exec-1] INFO  c.e.demo.controller.TbUserController - enter mp
2020-07-15 16:05:07.277 [http-nio-8080-exec-1] INFO  c.e.demo.controller.TbUserController - java8的日期时间
2020-07-15 16:05:07.285 [http-nio-8080-exec-1] INFO  c.e.demo.controller.TbUserController - 日期时间的值为:2020-07-15T16:05:07.284
2020-07-15 16:05:07.285 [http-nio-8080-exec-1] INFO  c.e.demo.controller.TbUserController - 分钟加10后的值为:2020-07-15T16:15:07.284
2020-07-15 16:05:07.285 [http-nio-8080-exec-1] INFO  c.e.demo.controller.TbUserController - 分钟减10后的值为:2020-07-15T15:55:07.284
2020-07-15 16:06:33.510 [http-nio-8080-exec-1] INFO  c.e.demo.controller.TbUserController - enter mp
2020-07-15 16:06:33.510 [http-nio-8080-exec-1] INFO  c.e.demo.controller.TbUserController - java8的日期时间
2020-07-15 16:06:33.518 [http-nio-8080-exec-1] INFO  c.e.demo.controller.TbUserController - 日期时间的值为:2020-07-15T16:06:33
2020-07-15 16:06:33.519 [http-nio-8080-exec-1] INFO  c.e.demo.controller.TbUserController - 分钟加10后的值为:2020-07-15T16:16:33
2020-07-15 16:06:33.519 [http-nio-8080-exec-1] INFO  c.e.demo.controller.TbUserController - 分钟减10后的值为:2020-07-15T15:56:33
2020-07-15 16:48:29.936 [http-nio-8080-exec-1] INFO  c.e.demo.controller.TbUserController - enter mp
2020-07-15 16:48:29.936 [http-nio-8080-exec-1] INFO  c.e.demo.controller.TbUserController - java8的日期时间
2020-07-15 16:48:29.943 [http-nio-8080-exec-1] INFO  c.e.demo.controller.TbUserController - 日期时间的值为:2020-07-15T16:48:29
2020-07-15 16:48:29.943 [http-nio-8080-exec-1] INFO  c.e.demo.controller.TbUserController - 分钟加10后的值为:2020-07-15T16:58:29
2020-07-15 16:48:29.944 [http-nio-8080-exec-1] INFO  c.e.demo.controller.TbUserController - 分钟减10后的值为:2020-07-15T16:38:29
2020-07-15 16:48:29.945 [http-nio-8080-exec-1] INFO  c.e.demo.controller.TbUserController - 格式化的值为:2020-07-15:04-48-29
2020-07-15 16:55:40.249 [http-nio-8080-exec-1] INFO  c.e.demo.controller.TbUserController - enter mp
2020-07-15 16:55:40.249 [http-nio-8080-exec-1] INFO  c.e.demo.controller.TbUserController - java8的日期时间
2020-07-15 16:55:40.256 [http-nio-8080-exec-1] INFO  c.e.demo.controller.TbUserController - 日期时间的值为:2020-07-15T16:55:40
2020-07-15 16:55:40.257 [http-nio-8080-exec-1] INFO  c.e.demo.controller.TbUserController - 分钟加10后的值为:2020-07-15T17:05:40
2020-07-15 16:55:40.257 [http-nio-8080-exec-1] INFO  c.e.demo.controller.TbUserController - 分钟减10后的值为:2020-07-15T16:45:40
2020-07-15 16:55:40.258 [http-nio-8080-exec-1] INFO  c.e.demo.controller.TbUserController - 格式化的值为:2020-07-15:16-55-40
2020-07-16 10:34:44.544 [http-nio-8080-exec-1] INFO  c.e.demo.controller.TbUserController - enter mp
2020-07-16 10:34:44.544 [http-nio-8080-exec-1] INFO  c.e.demo.controller.TbUserController - 是否包含子串：true
2020-07-16 11:04:25.725 [http-nio-8080-exec-1] INFO  c.e.demo.controller.TbUserController - enter mp
2020-07-16 11:04:25.725 [http-nio-8080-exec-1] INFO  c.e.demo.controller.TbUserController - answer is :10
2020-07-16 11:07:05.685 [http-nio-8080-exec-1] INFO  c.e.demo.controller.TbUserController - enter mp
2020-07-16 11:07:05.685 [http-nio-8080-exec-1] INFO  c.e.demo.controller.TbUserController - answer is :100.5
2020-07-16 11:07:05.685 [http-nio-8080-exec-1] INFO  c.e.demo.controller.TbUserController - 转换后的值为:100
2020-07-16 11:08:01.627 [http-nio-8080-exec-1] INFO  c.e.demo.controller.TbUserController - enter mp
2020-07-16 11:08:01.628 [http-nio-8080-exec-1] INFO  c.e.demo.controller.TbUserController - answer is :100.502
2020-07-16 11:08:01.629 [http-nio-8080-exec-1] INFO  c.e.demo.controller.TbUserController - 转换后的值为:100
2020-07-16 11:15:10.959 [http-nio-8080-exec-1] INFO  c.e.demo.controller.TbUserController - enter mp
2020-07-16 11:15:10.960 [http-nio-8080-exec-1] INFO  c.e.demo.controller.TbUserController - 是否包含:true
2020-07-16 11:20:30.458 [http-nio-8080-exec-1] INFO  c.e.demo.controller.TbUserController - enter mp
2020-07-16 11:20:30.458 [http-nio-8080-exec-1] INFO  c.e.demo.controller.TbUserController - 是否包含:false
2020-07-16 16:10:17.485 [http-nio-8080-exec-1] INFO  c.e.demo.controller.TbUserController - enter mp
2020-07-20 15:51:24.639 [http-nio-8080-exec-1] INFO  c.e.demo.controller.TbUserController - enter mp
2020-07-20 15:51:24.639 [http-nio-8080-exec-1] INFO  c.e.demo.controller.TbUserController - 集合值为多少：[]
2020-07-20 15:53:54.734 [http-nio-8080-exec-1] INFO  c.e.demo.controller.TbUserController - enter mp
2020-07-20 15:53:54.734 [http-nio-8080-exec-1] INFO  c.e.demo.controller.TbUserController - 集合值为多少：[]
2020-07-20 15:57:01.803 [http-nio-8080-exec-1] INFO  c.e.demo.controller.TbUserController - enter mp
2020-07-20 15:57:01.803 [http-nio-8080-exec-1] INFO  c.e.demo.controller.TbUserController - 集合值为多少：[]
2020-07-20 16:19:25.453 [http-nio-8080-exec-1] INFO  c.e.demo.controller.TbUserController - enter mp
2020-07-20 16:19:25.453 [http-nio-8080-exec-1] INFO  c.e.demo.controller.TbUserController - 集合值为多少：[]
2020-07-20 16:30:44.002 [http-nio-8080-exec-1] INFO  c.e.demo.controller.TbUserController - enter mp
2020-07-21 10:56:06.932 [http-nio-8080-exec-1] INFO  c.e.demo.controller.TbUserController - enter mp
2020-07-21 10:59:46.936 [http-nio-8080-exec-1] INFO  c.e.demo.controller.TbUserController - enter mp
